=== iter 7 perf stat comparison @ /var/benchmarks/nested (warm) ===
machine: AMD Ryzen 7 5700G 8c/16t, 32 GB

--- bc-duplicate (8 physical cores) ---
          7,422.94 msec task-clock                       #    4.114 CPUs utilized             
    26,364,554,211      instructions                     #    0.94  insn per cycle            
       436,964,862      branch-misses                    #    9.08% of all branches           
       166,082,368      cache-misses                     #    8.41% of all cache refs         
       1.804418681 seconds time elapsed

          7,472.81 msec task-clock                       #    4.229 CPUs utilized             
    26,329,678,640      instructions                     #    0.94  insn per cycle            
       436,196,411      branch-misses                    #    9.08% of all branches           
       166,328,520      cache-misses                     #    8.41% of all cache refs         
       1.767029752 seconds time elapsed

          7,511.73 msec task-clock                       #    4.191 CPUs utilized             
    26,306,369,434      instructions                     #    0.93  insn per cycle            
       435,560,135      branch-misses                    #    9.07% of all branches           
       163,990,813      cache-misses                     #    8.32% of all cache refs         
       1.792410239 seconds time elapsed

--- fclones (16 SMT threads default) ---
         21,409.71 msec task-clock                       #    9.419 CPUs utilized             
    85,426,736,411      instructions                     #    1.08  insn per cycle            
       559,601,090      branch-misses                    #    3.57% of all branches           
       317,988,194      cache-misses                     #    9.14% of all cache refs         
       2.272987400 seconds time elapsed

         22,343.77 msec task-clock                       #    8.978 CPUs utilized             
    90,706,684,660      instructions                     #    1.10  insn per cycle            
       583,057,203      branch-misses                    #    3.52% of all branches           
       355,369,656      cache-misses                     #    9.95% of all cache refs         
       2.488730159 seconds time elapsed

         22,475.20 msec task-clock                       #    8.776 CPUs utilized             
    90,785,073,900      instructions                     #    1.10  insn per cycle            
       585,367,448      branch-misses                    #    3.53% of all branches           
       359,251,641      cache-misses                     #   10.03% of all cache refs         
       2.560870238 seconds time elapsed

--- jdupes (mono) ---
         32,454.29 msec task-clock                       #    0.988 CPUs utilized             
   238,106,172,781      instructions                     #    1.95  insn per cycle            
     1,244,904,187      branch-misses                    #    2.31% of all branches           
       498,186,097      cache-misses                     #    9.14% of all cache refs         
      32.853457303 seconds time elapsed

         32,201.91 msec task-clock                       #    0.999 CPUs utilized             
   237,000,616,137      instructions                     #    1.95  insn per cycle            
     1,218,568,578      branch-misses                    #    2.27% of all branches           
       479,298,063      cache-misses                     #    8.88% of all cache refs         
      32.223775649 seconds time elapsed

         32,274.80 msec task-clock                       #    0.999 CPUs utilized             
   236,972,529,784      instructions                     #    1.95  insn per cycle            
     1,217,530,027      branch-misses                    #    2.27% of all branches           
       486,207,696      cache-misses                     #    9.01% of all cache refs         
      32.296965967 seconds time elapsed


=== Maximum RSS (KB) over 3 warm runs ===
--- bc-duplicate ---
	Maximum resident set size (kbytes): 360756
	Maximum resident set size (kbytes): 348468
	Maximum resident set size (kbytes): 340160
--- fclones ---
	Maximum resident set size (kbytes): 152632
	Maximum resident set size (kbytes): 152136
	Maximum resident set size (kbytes): 147580
--- jdupes ---
	Maximum resident set size (kbytes): 139688
	Maximum resident set size (kbytes): 140072
	Maximum resident set size (kbytes): 140200
